2025-10-14 05:17:49,295 [trainer.py] => config: exps/sema_inr_20tasks.json
2025-10-14 05:17:49,295 [trainer.py] => eval: False
2025-10-14 05:17:49,296 [trainer.py] => prefix: reproduce
2025-10-14 05:17:49,296 [trainer.py] => dataset: imagenetr
2025-10-14 05:17:49,296 [trainer.py] => memory_size: 0
2025-10-14 05:17:49,296 [trainer.py] => memory_per_class: 0
2025-10-14 05:17:49,296 [trainer.py] => fixed_memory: False
2025-10-14 05:17:49,297 [trainer.py] => shuffle: True
2025-10-14 05:17:49,297 [trainer.py] => init_cls: 10
2025-10-14 05:17:49,297 [trainer.py] => increment: 10
2025-10-14 05:17:49,297 [trainer.py] => model_name: sema
2025-10-14 05:17:49,298 [trainer.py] => backbone_type: pretrained_vit_b16_224_adapter
2025-10-14 05:17:49,298 [trainer.py] => device: [device(type='cuda', index=0)]
2025-10-14 05:17:49,299 [trainer.py] => seed: 1993
2025-10-14 05:17:49,299 [trainer.py] => batch_size: 32
2025-10-14 05:17:49,299 [trainer.py] => weight_decay: 0.0005
2025-10-14 05:17:49,299 [trainer.py] => min_lr: 0
2025-10-14 05:17:49,299 [trainer.py] => ffn_adapter_type: adaptmlp
2025-10-14 05:17:49,299 [trainer.py] => ffn_num: 16
2025-10-14 05:17:49,299 [trainer.py] => optimizer: sgd
2025-10-14 05:17:49,299 [trainer.py] => vpt_type: shallow
2025-10-14 05:17:49,300 [trainer.py] => prompt_token_num: 5
2025-10-14 05:17:49,300 [trainer.py] => func_epoch: 20
2025-10-14 05:17:49,300 [trainer.py] => rd_epoch: 20
2025-10-14 05:17:49,300 [trainer.py] => init_lr: 0.005
2025-10-14 05:17:49,300 [trainer.py] => rd_lr: 0.01
2025-10-14 05:17:49,300 [trainer.py] => rd_dim: 128
2025-10-14 05:17:49,300 [trainer.py] => buffer_size: 500
2025-10-14 05:17:49,300 [trainer.py] => detect_batch_size: 128
2025-10-14 05:17:49,301 [trainer.py] => exp_threshold: 2
2025-10-14 05:17:49,301 [trainer.py] => adapt_start_layer: 9
2025-10-14 05:17:49,301 [trainer.py] => adapt_end_layer: 11
2025-10-14 05:17:49,338 [data_manager.py] => [168, 136, 51, 9, 183, 101, 171, 99, 42, 159, 191, 70, 16, 188, 27, 10, 175, 26, 68, 187, 98, 6, 85, 35, 112, 43, 100, 0, 103, 181, 88, 59, 4, 2, 116, 174, 94, 80, 106, 1, 147, 17, 141, 131, 72, 23, 173, 54, 197, 118, 87, 32, 79, 104, 91, 19, 135, 107, 178, 36, 11, 199, 142, 8, 122, 3, 28, 57, 153, 172, 190, 56, 49, 44, 97, 62, 151, 169, 194, 55, 192, 12, 189, 78, 66, 180, 15, 137, 109, 134, 92, 119, 126, 52, 170, 40, 148, 65, 144, 64, 138, 45, 77, 89, 154, 90, 71, 193, 74, 30, 113, 143, 96, 84, 67, 50, 186, 156, 69, 21, 18, 111, 108, 58, 125, 157, 150, 110, 182, 129, 166, 83, 81, 60, 13, 165, 14, 176, 63, 117, 5, 22, 145, 121, 38, 41, 82, 127, 114, 20, 31, 53, 37, 163, 196, 130, 152, 162, 86, 76, 24, 34, 184, 149, 33, 128, 198, 155, 146, 167, 139, 120, 140, 102, 47, 25, 158, 123, 46, 164, 61, 7, 115, 75, 133, 160, 105, 132, 179, 124, 48, 73, 93, 39, 95, 195, 29, 177, 185, 161]
2025-10-14 05:17:50,569 [sema_block.py] => Adapter 0.0 added at block 0
2025-10-14 05:17:50,602 [sema_block.py] => Adapter 1.0 added at block 1
2025-10-14 05:17:50,634 [sema_block.py] => Adapter 2.0 added at block 2
2025-10-14 05:17:50,668 [sema_block.py] => Adapter 3.0 added at block 3
2025-10-14 05:17:50,701 [sema_block.py] => Adapter 4.0 added at block 4
2025-10-14 05:17:50,732 [sema_block.py] => Adapter 5.0 added at block 5
2025-10-14 05:17:50,767 [sema_block.py] => Adapter 6.0 added at block 6
2025-10-14 05:17:50,792 [sema_block.py] => Adapter 7.0 added at block 7
2025-10-14 05:17:50,817 [sema_block.py] => Adapter 8.0 added at block 8
2025-10-14 05:17:50,844 [sema_block.py] => Adapter 9.0 added at block 9
2025-10-14 05:17:50,875 [sema_block.py] => Adapter 10.0 added at block 10
2025-10-14 05:17:50,911 [sema_block.py] => Adapter 11.0 added at block 11
2025-10-14 05:17:51,524 [_builder.py] => Loading pretrained weights from Hugging Face hub (timm/vit_base_patch16_224.augreg2_in21k_ft_in1k)
2025-10-14 05:17:52,205 [_hub.py] => [timm/vit_base_patch16_224.augreg2_in21k_ft_in1k] Safe alternative available for 'pytorch_model.bin' (as 'model.safetensors'). Loading weights using safetensors.
2025-10-14 05:17:52,300 [trainer.py] => All params: 86704716
2025-10-14 05:17:52,301 [trainer.py] => Trainable params: 906060
2025-10-14 05:17:52,303 [sema.py] => Learning on 0-10
2025-10-14 05:55:22,604 [sema.py] => func Task 0, Epoch 20/20 => Loss 0.147, Train_accy 94.88, Test_accy 97.48
2025-10-14 06:03:10,465 [sema.py] => rd Task 0, Epoch 20/20 => Loss 0.980, Train_accy 94.57, Test_accy 97.48
2025-10-14 06:03:13,224 [trainer.py] => No NME accuracy.
2025-10-14 06:03:13,224 [trainer.py] => CNN: {'total': 97.48, '00-09': 97.48, 'old': 0, 'new': 97.48}
2025-10-14 06:03:13,225 [trainer.py] => CNN top1 curve: [97.48]
2025-10-14 06:03:13,225 [trainer.py] => CNN top5 curve: [100.0]

2025-10-14 06:03:13,225 [trainer.py] => Average Accuracy (CNN): 97.48 

2025-10-14 06:03:13,226 [trainer.py] => All params: 86858516
2025-10-14 06:03:13,226 [trainer.py] => Trainable params: 153800
2025-10-14 06:03:13,226 [sema.py] => Learning on 10-20
2025-10-14 06:09:18,051 [sema.py] => func Task 1, Epoch 20/20 => Loss 0.135, Train_accy 95.58, Test_accy 93.03
2025-10-14 06:09:23,145 [trainer.py] => No NME accuracy.
2025-10-14 06:09:23,146 [trainer.py] => CNN: {'total': 93.03, '00-09': 93.69, '10-19': 92.47, 'old': 93.69, 'new': 92.47}
2025-10-14 06:09:23,146 [trainer.py] => CNN top1 curve: [97.48, 93.03]
2025-10-14 06:09:23,146 [trainer.py] => CNN top5 curve: [100.0, 98.98]

2025-10-14 06:09:23,146 [trainer.py] => Average Accuracy (CNN): 95.255 

2025-10-14 06:09:23,147 [trainer.py] => All params: 86858516
2025-10-14 06:09:23,147 [trainer.py] => Trainable params: 153800
2025-10-14 06:09:23,148 [sema.py] => Learning on 20-30
2025-10-14 06:15:16,586 [sema.py] => func Task 2, Epoch 20/20 => Loss 0.159, Train_accy 95.42, Test_accy 90.29
2025-10-14 06:15:23,999 [trainer.py] => No NME accuracy.
2025-10-14 06:15:24,005 [trainer.py] => CNN: {'total': 90.29, '00-09': 91.17, '10-19': 92.2, '20-29': 87.0, 'old': 91.73, 'new': 87.0}
2025-10-14 06:15:24,009 [trainer.py] => CNN top1 curve: [97.48, 93.03, 90.29]
2025-10-14 06:15:24,009 [trainer.py] => CNN top5 curve: [100.0, 98.98, 98.08]

2025-10-14 06:15:24,009 [trainer.py] => Average Accuracy (CNN): 93.60000000000001 

2025-10-14 06:15:24,010 [trainer.py] => All params: 86858516
2025-10-14 06:15:24,010 [trainer.py] => Trainable params: 153800
2025-10-14 06:15:24,011 [sema.py] => Learning on 30-40
2025-10-14 06:22:19,936 [sema.py] => func Task 3, Epoch 20/20 => Loss 0.159, Train_accy 94.55, Test_accy 89.48
2025-10-14 06:22:29,993 [trainer.py] => No NME accuracy.
2025-10-14 06:22:29,994 [trainer.py] => CNN: {'total': 89.48, '00-09': 90.85, '10-19': 91.67, '20-29': 85.0, '30-39': 89.76, 'old': 89.38, 'new': 89.76}
2025-10-14 06:22:29,994 [trainer.py] => CNN top1 curve: [97.48, 93.03, 90.29, 89.48]
2025-10-14 06:22:29,994 [trainer.py] => CNN top5 curve: [100.0, 98.98, 98.08, 97.27]

2025-10-14 06:22:29,994 [trainer.py] => Average Accuracy (CNN): 92.57000000000001 

2025-10-14 06:22:29,995 [trainer.py] => All params: 86858516
2025-10-14 06:22:29,996 [trainer.py] => Trainable params: 153800
2025-10-14 06:22:29,996 [sema.py] => Learning on 40-50
2025-10-14 06:29:30,207 [sema.py] => func Task 4, Epoch 20/20 => Loss 0.185, Train_accy 94.19, Test_accy 87.62
2025-10-14 06:29:42,542 [trainer.py] => No NME accuracy.
2025-10-14 06:29:42,542 [trainer.py] => CNN: {'total': 87.62, '00-09': 88.33, '10-19': 90.05, '20-29': 84.0, '30-39': 88.86, '40-49': 86.09, 'old': 87.96, 'new': 86.09}
2025-10-14 06:29:42,542 [trainer.py] => CNN top1 curve: [97.48, 93.03, 90.29, 89.48, 87.62]
2025-10-14 06:29:42,543 [trainer.py] => CNN top5 curve: [100.0, 98.98, 98.08, 97.27, 96.49]

2025-10-14 06:29:42,543 [trainer.py] => Average Accuracy (CNN): 91.58000000000001 

2025-10-14 06:29:42,543 [trainer.py] => All params: 86858516
2025-10-14 06:29:42,544 [trainer.py] => Trainable params: 153800
2025-10-14 06:29:42,544 [sema.py] => Learning on 50-60
2025-10-14 06:37:53,973 [sema.py] => func Task 5, Epoch 20/20 => Loss 0.196, Train_accy 93.96, Test_accy 85.78
2025-10-14 06:38:08,383 [trainer.py] => No NME accuracy.
2025-10-14 06:38:08,383 [trainer.py] => CNN: {'total': 85.78, '00-09': 88.01, '10-19': 88.17, '20-29': 80.67, '30-39': 87.65, '40-49': 84.77, '50-59': 84.54, 'old': 86.01, 'new': 84.54}
2025-10-14 06:38:08,383 [trainer.py] => CNN top1 curve: [97.48, 93.03, 90.29, 89.48, 87.62, 85.78]
2025-10-14 06:38:08,384 [trainer.py] => CNN top5 curve: [100.0, 98.98, 98.08, 97.27, 96.49, 95.8]

2025-10-14 06:38:08,384 [trainer.py] => Average Accuracy (CNN): 90.61333333333334 

2025-10-14 06:38:08,385 [trainer.py] => All params: 86858516
2025-10-14 06:38:08,385 [trainer.py] => Trainable params: 153800
2025-10-14 06:38:08,386 [sema.py] => Learning on 60-70
2025-10-14 06:38:17,051 [sema_block.py] => Adapter 11.1 added at block 11
2025-10-14 06:47:02,752 [sema.py] => func Task 6, Epoch 20/20 => Loss 0.207, Train_accy 93.63, Test_accy 83.78
2025-10-14 06:55:50,589 [sema.py] => rd Task 6, Epoch 20/20 => Loss 0.687, Train_accy 92.30, Test_accy 83.78
2025-10-14 06:56:16,044 [trainer.py] => No NME accuracy.
2025-10-14 06:56:16,045 [trainer.py] => CNN: {'total': 83.78, '00-09': 84.86, '10-19': 87.1, '20-29': 80.33, '30-39': 84.94, '40-49': 83.11, '50-59': 84.21, '60-69': 80.87, 'old': 84.22, 'new': 80.87}
2025-10-14 06:56:16,045 [trainer.py] => CNN top1 curve: [97.48, 93.03, 90.29, 89.48, 87.62, 85.78, 83.78]
2025-10-14 06:56:16,045 [trainer.py] => CNN top5 curve: [100.0, 98.98, 98.08, 97.27, 96.49, 95.8, 95.1]

2025-10-14 06:56:16,045 [trainer.py] => Average Accuracy (CNN): 89.63714285714286 

2025-10-14 06:56:16,046 [trainer.py] => All params: 87082149
2025-10-14 06:56:16,047 [trainer.py] => Trainable params: 153800
2025-10-14 06:56:16,047 [sema.py] => Learning on 70-80
2025-10-14 07:05:26,207 [sema.py] => func Task 7, Epoch 20/20 => Loss 0.156, Train_accy 95.67, Test_accy 82.71
2025-10-14 07:05:44,705 [trainer.py] => No NME accuracy.
2025-10-14 07:05:44,705 [trainer.py] => CNN: {'total': 82.71, '00-09': 83.6, '10-19': 86.56, '20-29': 79.0, '30-39': 84.34, '40-49': 81.46, '50-59': 82.24, '60-69': 80.2, '70-79': 83.15, 'old': 82.65, 'new': 83.15}
2025-10-14 07:05:44,706 [trainer.py] => CNN top1 curve: [97.48, 93.03, 90.29, 89.48, 87.62, 85.78, 83.78, 82.71]
2025-10-14 07:05:44,706 [trainer.py] => CNN top5 curve: [100.0, 98.98, 98.08, 97.27, 96.49, 95.8, 95.1, 94.6]

2025-10-14 07:05:44,707 [trainer.py] => Average Accuracy (CNN): 88.77125000000001 

2025-10-14 07:05:44,708 [trainer.py] => All params: 87082149
2025-10-14 07:05:44,708 [trainer.py] => Trainable params: 153800
2025-10-14 07:05:44,709 [sema.py] => Learning on 80-90
2025-10-14 07:16:28,908 [sema.py] => func Task 8, Epoch 20/20 => Loss 0.195, Train_accy 93.71, Test_accy 81.37
2025-10-14 07:16:49,890 [trainer.py] => No NME accuracy.
2025-10-14 07:16:49,890 [trainer.py] => CNN: {'total': 81.37, '00-09': 82.65, '10-19': 85.48, '20-29': 78.0, '30-39': 83.73, '40-49': 78.81, '50-59': 80.92, '60-69': 79.19, '70-79': 82.42, '80-89': 80.0, 'old': 81.55, 'new': 80.0}
2025-10-14 07:16:49,890 [trainer.py] => CNN top1 curve: [97.48, 93.03, 90.29, 89.48, 87.62, 85.78, 83.78, 82.71, 81.37]
2025-10-14 07:16:49,891 [trainer.py] => CNN top5 curve: [100.0, 98.98, 98.08, 97.27, 96.49, 95.8, 95.1, 94.6, 94.05]

2025-10-14 07:16:49,891 [trainer.py] => Average Accuracy (CNN): 87.9488888888889 

2025-10-14 07:16:49,892 [trainer.py] => All params: 87082149
2025-10-14 07:16:49,893 [trainer.py] => Trainable params: 153800
2025-10-14 07:16:49,893 [sema.py] => Learning on 90-100
2025-10-14 07:26:27,932 [sema.py] => func Task 9, Epoch 20/20 => Loss 0.176, Train_accy 94.33, Test_accy 80.44
2025-10-14 07:26:50,323 [trainer.py] => No NME accuracy.
2025-10-14 07:26:50,324 [trainer.py] => CNN: {'total': 80.44, '00-09': 80.13, '10-19': 84.95, '20-29': 77.33, '30-39': 83.13, '40-49': 76.16, '50-59': 80.59, '60-69': 78.86, '70-79': 80.59, '80-89': 79.35, '90-99': 83.05, 'old': 80.27, 'new': 83.05}
2025-10-14 07:26:50,324 [trainer.py] => CNN top1 curve: [97.48, 93.03, 90.29, 89.48, 87.62, 85.78, 83.78, 82.71, 81.37, 80.44]
2025-10-14 07:26:50,324 [trainer.py] => CNN top5 curve: [100.0, 98.98, 98.08, 97.27, 96.49, 95.8, 95.1, 94.6, 94.05, 93.37]

2025-10-14 07:26:50,325 [trainer.py] => Average Accuracy (CNN): 87.19800000000001 

2025-10-14 07:26:50,326 [trainer.py] => All params: 87082149
2025-10-14 07:26:50,327 [trainer.py] => Trainable params: 153800
2025-10-14 07:26:50,327 [sema.py] => Learning on 100-110
2025-10-14 07:38:09,918 [sema.py] => func Task 10, Epoch 20/20 => Loss 0.159, Train_accy 95.30, Test_accy 80.09
2025-10-14 07:38:34,445 [trainer.py] => No NME accuracy.
2025-10-14 07:38:34,446 [trainer.py] => CNN: {'total': 80.09, '00-09': 77.29, '10-19': 84.41, '20-29': 76.67, '30-39': 82.83, '40-49': 75.5, '50-59': 79.93, '60-69': 78.52, '70-79': 77.66, '80-89': 79.35, '90-99': 83.05, '100-109': 85.92, 'old': 79.53, 'new': 85.92}
2025-10-14 07:38:34,446 [trainer.py] => CNN top1 curve: [97.48, 93.03, 90.29, 89.48, 87.62, 85.78, 83.78, 82.71, 81.37, 80.44, 80.09]
2025-10-14 07:38:34,446 [trainer.py] => CNN top5 curve: [100.0, 98.98, 98.08, 97.27, 96.49, 95.8, 95.1, 94.6, 94.05, 93.37, 93.18]

2025-10-14 07:38:34,447 [trainer.py] => Average Accuracy (CNN): 86.55181818181819 

2025-10-14 07:38:34,447 [trainer.py] => All params: 87082149
2025-10-14 07:38:34,448 [trainer.py] => Trainable params: 153800
2025-10-14 07:38:34,448 [sema.py] => Learning on 110-120
2025-10-14 07:51:45,796 [sema.py] => func Task 11, Epoch 20/20 => Loss 0.141, Train_accy 95.65, Test_accy 78.85
2025-10-14 07:52:13,226 [trainer.py] => No NME accuracy.
2025-10-14 07:52:13,227 [trainer.py] => CNN: {'total': 78.85, '00-09': 75.39, '10-19': 80.65, '20-29': 74.67, '30-39': 81.02, '40-49': 74.83, '50-59': 78.95, '60-69': 77.18, '70-79': 76.92, '80-89': 78.71, '90-99': 81.36, '100-109': 84.51, '110-119': 81.91, 'old': 78.49, 'new': 81.91}
2025-10-14 07:52:13,228 [trainer.py] => CNN top1 curve: [97.48, 93.03, 90.29, 89.48, 87.62, 85.78, 83.78, 82.71, 81.37, 80.44, 80.09, 78.85]
2025-10-14 07:52:13,228 [trainer.py] => CNN top5 curve: [100.0, 98.98, 98.08, 97.27, 96.49, 95.8, 95.1, 94.6, 94.05, 93.37, 93.18, 92.84]

2025-10-14 07:52:13,228 [trainer.py] => Average Accuracy (CNN): 85.91000000000001 

2025-10-14 07:52:13,229 [trainer.py] => All params: 87082149
2025-10-14 07:52:13,230 [trainer.py] => Trainable params: 153800
2025-10-14 07:52:13,230 [sema.py] => Learning on 120-130
2025-10-14 08:04:41,590 [sema.py] => func Task 12, Epoch 20/20 => Loss 0.147, Train_accy 95.87, Test_accy 78.27
2025-10-14 08:05:11,382 [trainer.py] => No NME accuracy.
2025-10-14 08:05:11,383 [trainer.py] => CNN: {'total': 78.27, '00-09': 75.08, '10-19': 78.76, '20-29': 73.67, '30-39': 80.72, '40-49': 74.5, '50-59': 78.62, '60-69': 76.85, '70-79': 76.56, '80-89': 78.71, '90-99': 79.66, '100-109': 84.15, '110-119': 81.65, '120-129': 78.23, 'old': 78.27, 'new': 78.23}
2025-10-14 08:05:11,383 [trainer.py] => CNN top1 curve: [97.48, 93.03, 90.29, 89.48, 87.62, 85.78, 83.78, 82.71, 81.37, 80.44, 80.09, 78.85, 78.27]
2025-10-14 08:05:11,383 [trainer.py] => CNN top5 curve: [100.0, 98.98, 98.08, 97.27, 96.49, 95.8, 95.1, 94.6, 94.05, 93.37, 93.18, 92.84, 92.44]

2025-10-14 08:05:11,383 [trainer.py] => Average Accuracy (CNN): 85.3223076923077 

2025-10-14 08:05:11,384 [trainer.py] => All params: 87082149
2025-10-14 08:05:11,384 [trainer.py] => Trainable params: 153800
2025-10-14 08:05:11,384 [sema.py] => Learning on 130-140
2025-10-14 08:05:19,575 [sema_block.py] => Adapter 9.1 added at block 9
2025-10-14 08:19:32,458 [sema.py] => func Task 13, Epoch 20/20 => Loss 0.160, Train_accy 95.33, Test_accy 78.03
2025-10-14 08:33:17,699 [sema.py] => rd Task 13, Epoch 20/20 => Loss 0.102, Train_accy 95.93, Test_accy 78.03
2025-10-14 08:33:57,189 [trainer.py] => No NME accuracy.
2025-10-14 08:33:57,189 [trainer.py] => CNN: {'total': 78.03, '00-09': 74.45, '10-19': 77.96, '20-29': 73.33, '30-39': 80.42, '40-49': 73.18, '50-59': 78.62, '60-69': 76.51, '70-79': 76.56, '80-89': 78.71, '90-99': 78.53, '100-109': 84.15, '110-119': 81.65, '120-129': 78.23, '130-139': 79.53, 'old': 77.91, 'new': 79.53}
2025-10-14 08:33:57,190 [trainer.py] => CNN top1 curve: [97.48, 93.03, 90.29, 89.48, 87.62, 85.78, 83.78, 82.71, 81.37, 80.44, 80.09, 78.85, 78.27, 78.03]
2025-10-14 08:33:57,190 [trainer.py] => CNN top5 curve: [100.0, 98.98, 98.08, 97.27, 96.49, 95.8, 95.1, 94.6, 94.05, 93.37, 93.18, 92.84, 92.44, 91.91]

2025-10-14 08:33:57,190 [trainer.py] => Average Accuracy (CNN): 84.80142857142857 

2025-10-14 08:33:57,191 [trainer.py] => All params: 87305782
2025-10-14 08:33:57,192 [trainer.py] => Trainable params: 153800
2025-10-14 08:33:57,192 [sema.py] => Learning on 140-150
2025-10-14 08:40:24,761 [sema.py] => func Task 14, Epoch 20/20 => Loss 0.126, Train_accy 95.90, Test_accy 77.47
2025-10-14 08:40:39,198 [trainer.py] => No NME accuracy.
2025-10-14 08:40:39,199 [trainer.py] => CNN: {'total': 77.47, '00-09': 70.03, '10-19': 76.88, '20-29': 71.67, '30-39': 79.22, '40-49': 72.52, '50-59': 77.63, '60-69': 73.83, '70-79': 76.56, '80-89': 78.06, '90-99': 77.4, '100-109': 83.8, '110-119': 80.05, '120-129': 77.12, '130-139': 79.53, '140-149': 85.83, 'old': 76.74, 'new': 85.83}
2025-10-14 08:40:39,199 [trainer.py] => CNN top1 curve: [97.48, 93.03, 90.29, 89.48, 87.62, 85.78, 83.78, 82.71, 81.37, 80.44, 80.09, 78.85, 78.27, 78.03, 77.47]
2025-10-14 08:40:39,199 [trainer.py] => CNN top5 curve: [100.0, 98.98, 98.08, 97.27, 96.49, 95.8, 95.1, 94.6, 94.05, 93.37, 93.18, 92.84, 92.44, 91.91, 91.86]

2025-10-14 08:40:39,199 [trainer.py] => Average Accuracy (CNN): 84.31266666666667 

2025-10-14 08:40:39,200 [trainer.py] => All params: 87305782
2025-10-14 08:40:39,201 [trainer.py] => Trainable params: 153800
2025-10-14 08:40:39,201 [sema.py] => Learning on 150-160
2025-10-14 08:47:29,310 [sema.py] => func Task 15, Epoch 20/20 => Loss 0.160, Train_accy 94.93, Test_accy 76.90
2025-10-14 08:47:45,481 [trainer.py] => No NME accuracy.
2025-10-14 08:47:45,481 [trainer.py] => CNN: {'total': 76.9, '00-09': 68.45, '10-19': 76.34, '20-29': 71.0, '30-39': 78.31, '40-49': 71.85, '50-59': 77.3, '60-69': 73.83, '70-79': 76.56, '80-89': 77.42, '90-99': 77.4, '100-109': 83.1, '110-119': 78.46, '120-129': 76.01, '130-139': 79.19, '140-149': 85.83, '150-159': 77.62, 'old': 76.84, 'new': 77.62}
2025-10-14 08:47:45,482 [trainer.py] => CNN top1 curve: [97.48, 93.03, 90.29, 89.48, 87.62, 85.78, 83.78, 82.71, 81.37, 80.44, 80.09, 78.85, 78.27, 78.03, 77.47, 76.9]
2025-10-14 08:47:45,482 [trainer.py] => CNN top5 curve: [100.0, 98.98, 98.08, 97.27, 96.49, 95.8, 95.1, 94.6, 94.05, 93.37, 93.18, 92.84, 92.44, 91.91, 91.86, 91.34]

2025-10-14 08:47:45,482 [trainer.py] => Average Accuracy (CNN): 83.84937500000001 

2025-10-14 08:47:45,483 [trainer.py] => All params: 87305782
2025-10-14 08:47:45,483 [trainer.py] => Trainable params: 153800
2025-10-14 08:47:45,483 [sema.py] => Learning on 160-170
2025-10-14 08:54:22,383 [sema.py] => func Task 16, Epoch 20/20 => Loss 0.235, Train_accy 91.65, Test_accy 75.78
2025-10-14 08:54:38,677 [trainer.py] => No NME accuracy.
2025-10-14 08:54:38,677 [trainer.py] => CNN: {'total': 75.78, '00-09': 67.19, '10-19': 76.08, '20-29': 71.0, '30-39': 77.41, '40-49': 68.54, '50-59': 76.64, '60-69': 72.82, '70-79': 75.82, '80-89': 76.45, '90-99': 77.4, '100-109': 82.75, '110-119': 77.93, '120-129': 75.28, '130-139': 78.86, '140-149': 85.29, '150-159': 77.35, '160-169': 67.83, 'old': 76.15, 'new': 67.83}
2025-10-14 08:54:38,678 [trainer.py] => CNN top1 curve: [97.48, 93.03, 90.29, 89.48, 87.62, 85.78, 83.78, 82.71, 81.37, 80.44, 80.09, 78.85, 78.27, 78.03, 77.47, 76.9, 75.78]
2025-10-14 08:54:38,678 [trainer.py] => CNN top5 curve: [100.0, 98.98, 98.08, 97.27, 96.49, 95.8, 95.1, 94.6, 94.05, 93.37, 93.18, 92.84, 92.44, 91.91, 91.86, 91.34, 90.68]

2025-10-14 08:54:38,678 [trainer.py] => Average Accuracy (CNN): 83.37470588235294 

2025-10-14 08:54:38,679 [trainer.py] => All params: 87305782
2025-10-14 08:54:38,679 [trainer.py] => Trainable params: 153800
2025-10-14 08:54:38,680 [sema.py] => Learning on 170-180
2025-10-14 08:54:40,147 [sema_block.py] => Adapter 11.2 added at block 11
2025-10-14 09:01:29,781 [sema.py] => func Task 17, Epoch 20/20 => Loss 0.139, Train_accy 95.70, Test_accy 75.95
2025-10-14 09:08:23,835 [sema.py] => rd Task 17, Epoch 20/20 => Loss 0.682, Train_accy 96.02, Test_accy 75.95
2025-10-14 09:08:46,033 [trainer.py] => No NME accuracy.
2025-10-14 09:08:46,034 [trainer.py] => CNN: {'total': 75.95, '00-09': 66.88, '10-19': 75.27, '20-29': 71.0, '30-39': 77.11, '40-49': 67.88, '50-59': 76.32, '60-69': 72.48, '70-79': 75.46, '80-89': 76.45, '90-99': 77.4, '100-109': 82.75, '110-119': 77.66, '120-129': 74.91, '130-139': 78.86, '140-149': 85.29, '150-159': 77.07, '160-169': 66.96, '170-179': 85.48, 'old': 75.49, 'new': 85.48}
2025-10-14 09:08:46,034 [trainer.py] => CNN top1 curve: [97.48, 93.03, 90.29, 89.48, 87.62, 85.78, 83.78, 82.71, 81.37, 80.44, 80.09, 78.85, 78.27, 78.03, 77.47, 76.9, 75.78, 75.95]
2025-10-14 09:08:46,034 [trainer.py] => CNN top5 curve: [100.0, 98.98, 98.08, 97.27, 96.49, 95.8, 95.1, 94.6, 94.05, 93.37, 93.18, 92.84, 92.44, 91.91, 91.86, 91.34, 90.68, 90.56]

2025-10-14 09:08:46,034 [trainer.py] => Average Accuracy (CNN): 82.96222222222224 

2025-10-14 09:08:46,035 [trainer.py] => All params: 87529415
2025-10-14 09:08:46,036 [trainer.py] => Trainable params: 153800
2025-10-14 09:08:46,036 [sema.py] => Learning on 180-190
2025-10-14 09:16:17,269 [sema.py] => func Task 18, Epoch 20/20 => Loss 0.159, Train_accy 95.10, Test_accy 75.32
2025-10-14 09:16:35,118 [trainer.py] => No NME accuracy.
2025-10-14 09:16:35,118 [trainer.py] => CNN: {'total': 75.32, '00-09': 66.88, '10-19': 73.92, '20-29': 70.0, '30-39': 76.81, '40-49': 66.89, '50-59': 74.01, '60-69': 72.15, '70-79': 75.09, '80-89': 76.13, '90-99': 76.27, '100-109': 80.99, '110-119': 75.53, '120-129': 74.91, '130-139': 78.86, '140-149': 85.29, '150-159': 76.8, '160-169': 66.96, '170-179': 85.08, '180-189': 76.95, 'old': 75.23, 'new': 76.95}
2025-10-14 09:16:35,118 [trainer.py] => CNN top1 curve: [97.48, 93.03, 90.29, 89.48, 87.62, 85.78, 83.78, 82.71, 81.37, 80.44, 80.09, 78.85, 78.27, 78.03, 77.47, 76.9, 75.78, 75.95, 75.32]
2025-10-14 09:16:35,119 [trainer.py] => CNN top5 curve: [100.0, 98.98, 98.08, 97.27, 96.49, 95.8, 95.1, 94.6, 94.05, 93.37, 93.18, 92.84, 92.44, 91.91, 91.86, 91.34, 90.68, 90.56, 90.16]

2025-10-14 09:16:35,119 [trainer.py] => Average Accuracy (CNN): 82.56 

2025-10-14 09:16:35,119 [trainer.py] => All params: 87529415
2025-10-14 09:16:35,120 [trainer.py] => Trainable params: 153800
2025-10-14 09:16:35,120 [sema.py] => Learning on 190-200
2025-10-14 09:24:22,877 [sema.py] => func Task 19, Epoch 20/20 => Loss 0.131, Train_accy 96.37, Test_accy 74.70
2025-10-14 09:24:42,157 [trainer.py] => No NME accuracy.
2025-10-14 09:24:42,158 [trainer.py] => CNN: {'total': 74.7, '00-09': 66.56, '10-19': 70.97, '20-29': 70.0, '30-39': 76.2, '40-49': 64.24, '50-59': 73.68, '60-69': 72.15, '70-79': 74.73, '80-89': 74.84, '90-99': 76.27, '100-109': 80.63, '110-119': 75.0, '120-129': 71.59, '130-139': 77.85, '140-149': 84.47, '150-159': 75.41, '160-169': 66.52, '170-179': 85.08, '180-189': 76.3, '190-199': 81.55, 'old': 74.38, 'new': 81.55}
2025-10-14 09:24:42,158 [trainer.py] => CNN top1 curve: [97.48, 93.03, 90.29, 89.48, 87.62, 85.78, 83.78, 82.71, 81.37, 80.44, 80.09, 78.85, 78.27, 78.03, 77.47, 76.9, 75.78, 75.95, 75.32, 74.7]
2025-10-14 09:24:42,158 [trainer.py] => CNN top5 curve: [100.0, 98.98, 98.08, 97.27, 96.49, 95.8, 95.1, 94.6, 94.05, 93.37, 93.18, 92.84, 92.44, 91.91, 91.86, 91.34, 90.68, 90.56, 90.16, 89.65]

2025-10-14 09:24:42,159 [trainer.py] => Average Accuracy (CNN): 82.167 

